<?xml version="1.0" encoding="UTF-8"?>
<!-- Generated by org.testng.reporters.JUnitXMLReporter -->
<testsuite hostname="DY" ignored="16" name="my.so" tests="26" failures="3" timestamp="30 жовт. 2018 12:31:43 GMT" time="166.608" errors="0">
  <testcase name="t2_ChangeInfo" time="1.899" classname="my.so.profile"/>
  <testcase name="t3_CheckInfo" time="0.434" classname="my.so.profile"/>
  <testcase name="t4_FindSite" time="0.338" classname="my.so.profile"/>
  <testcase name="t5_CheckComments" time="12.83" classname="my.so.profile">
    <failure type="com.codeborne.selenide.ex.ElementNotFound" message="Element not found {By.className: goBack}
Expected: visible">
      <![CDATA[Element not found {By.className: goBack}
Expected: visible
Screenshot: file:/home/boss/IdeaProjects/my_so/build/reports/tests/1540902568972.0.png
Page source: file:/home/boss/IdeaProjects/my_so/build/reports/tests/1540902568972.0.html
Timeout: 8 s.
Caused by: NoSuchElementException: no such element: Unable to locate element: {"method":"class name","selector":"goBack"}
at com.codeborne.selenide.impl.WebElementSource.createElementNotFoundError(WebElementSource.java:31)
at com.codeborne.selenide.impl.ElementFinder.createElementNotFoundError(ElementFinder.java:94)
at com.codeborne.selenide.impl.WebElementSource.checkCondition(WebElementSource.java:59)
at com.codeborne.selenide.impl.WebElementSource.findAndAssertElementIsVisible(WebElementSource.java:72)
at com.codeborne.selenide.commands.Click.execute(Click.java:16)
at com.codeborne.selenide.commands.Click.execute(Click.java:12)
at com.codeborne.selenide.commands.Commands.execute(Commands.java:145)
at com.codeborne.selenide.impl.SelenideElementProxy.dispatchAndRetry(SelenideElementProxy.java:90)
at com.codeborne.selenide.impl.SelenideElementProxy.invoke(SelenideElementProxy.java:65)
at com.sun.proxy.$Proxy13.click(Unknown Source)
at my.so.profile.t5_CheckComments(profile.java:74)
Caused by: org.openqa.selenium.NoSuchElementException: no such element: Unable to locate element: {"method":"class name","selector":"goBack"}
  (Session info: headless chrome=69.0.3497.81)
  (Driver info: chromedriver=70.0.3538.67 (9ab0cfab84ded083718d3a4ff830726efd38869f),platform=Linux 4.13.0-45-generic x86_64) (WARNING: The server did not provide any stacktrace information)
Command duration or timeout: 0 milliseconds
For documentation on this error, please visit: http://seleniumhq.org/exceptions/no_such_element.html
Build info: version: '3.14.0', revision: 'aacccce0', time: '2018-08-02T20:19:58.91Z'
System info: host: 'DY', ip: '127.0.1.1', os.name: 'Linux', os.arch: 'amd64', os.version: '4.13.0-45-generic', java.version: '1.8.0_181'
Driver info: org.openqa.selenium.chrome.ChromeDriver
Capabilities {acceptInsecureCerts: false, acceptSslCerts: false, applicationCacheEnabled: false, browserConnectionEnabled: false, browserName: chrome, chrome: {chromedriverVersion: 70.0.3538.67 (9ab0cfab84ded..., userDataDir: /tmp/.com.google.Chrome.aUfonU}, cssSelectorsEnabled: true, databaseEnabled: false, goog:chromeOptions: {debuggerAddress: localhost:46545}, handlesAlerts: true, hasTouchScreen: false, javascriptEnabled: true, locationContextEnabled: true, mobileEmulationEnabled: false, nativeEvents: true, networkConnectionEnabled: false, pageLoadStrategy: normal, platform: LINUX, platformName: LINUX, rotatable: false, setWindowRect: true, takesHeapSnapshot: true, takesScreenshot: true, unexpectedAlertBehaviour: , unhandledPromptBehavior: , version: 69.0.3497.81, webStorageEnabled: true}
Session ID: 34e8963c4413337f7a2b3324ec57f2dd
*** Element info: {Using=class name, value=goBack}
at org.openqa.selenium.remote.ErrorHandler.createThrowable(ErrorHandler.java:214)
at org.openqa.selenium.remote.ErrorHandler.throwIfResponseFailed(ErrorHandler.java:166)
at org.openqa.selenium.remote.http.JsonHttpResponseCodec.reconstructValue(JsonHttpResponseCodec.java:40)
at org.openqa.selenium.remote.http.AbstractHttpResponseCodec.decode(AbstractHttpResponseCodec.java:80)
at org.openqa.selenium.remote.http.AbstractHttpResponseCodec.decode(AbstractHttpResponseCodec.java:44)
at org.openqa.selenium.remote.HttpCommandExecutor.execute(HttpCommandExecutor.java:158)
at org.openqa.selenium.remote.service.DriverCommandExecutor.execute(DriverCommandExecutor.java:83)
at org.openqa.selenium.remote.RemoteWebDriver.execute(RemoteWebDriver.java:548)
at org.openqa.selenium.remote.RemoteWebDriver.findElement(RemoteWebDriver.java:322)
at org.openqa.selenium.remote.RemoteWebDriver.findElementByClassName(RemoteWebDriver.java:408)
at org.openqa.selenium.By$ByClassName.findElement(By.java:389)
at org.openqa.selenium.remote.RemoteWebDriver.findElement(RemoteWebDriver.java:314)
at com.codeborne.selenide.impl.WebElementSelector.findElement(WebElementSelector.java:29)
at com.codeborne.selenide.impl.ElementFinder.getWebElement(ElementFinder.java:68)
at com.codeborne.selenide.impl.WebElementSource.checkCondition(WebElementSource.java:44)
... 37 more
... Removed 32 stack frames]]>
    </failure>
  </testcase> <!-- t5_CheckComments -->
  <testcase name="t6_CheckPromoComments" time="9.007" classname="my.so.profile">
    <failure type="com.codeborne.selenide.ex.ElementNotFound" message="Element not found {By.id: site-search}
Expected: visible">
      <![CDATA[Element not found {By.id: site-search}
Expected: visible
Screenshot: file:/home/boss/IdeaProjects/my_so/build/reports/tests/1540902578493.1.png
Page source: file:/home/boss/IdeaProjects/my_so/build/reports/tests/1540902578493.1.html
Timeout: 8 s.
Caused by: NoSuchElementException: no such element: Unable to locate element: {"method":"id","selector":"site-search"}
at com.codeborne.selenide.impl.WebElementSource.createElementNotFoundError(WebElementSource.java:31)
at com.codeborne.selenide.impl.ElementFinder.createElementNotFoundError(ElementFinder.java:94)
at com.codeborne.selenide.impl.WebElementSource.checkCondition(WebElementSource.java:59)
at com.codeborne.selenide.impl.WebElementSource.findAndAssertElementIsVisible(WebElementSource.java:72)
at com.codeborne.selenide.commands.SetValue.execute(SetValue.java:32)
at com.codeborne.selenide.commands.SetValue.execute(SetValue.java:15)
at com.codeborne.selenide.commands.Commands.execute(Commands.java:145)
at com.codeborne.selenide.impl.SelenideElementProxy.dispatchAndRetry(SelenideElementProxy.java:90)
at com.codeborne.selenide.impl.SelenideElementProxy.invoke(SelenideElementProxy.java:65)
at com.sun.proxy.$Proxy13.setValue(Unknown Source)
at my.so.profile.t6_CheckPromoComments(profile.java:80)
Caused by: org.openqa.selenium.NoSuchElementException: no such element: Unable to locate element: {"method":"id","selector":"site-search"}
  (Session info: headless chrome=69.0.3497.81)
  (Driver info: chromedriver=70.0.3538.67 (9ab0cfab84ded083718d3a4ff830726efd38869f),platform=Linux 4.13.0-45-generic x86_64) (WARNING: The server did not provide any stacktrace information)
Command duration or timeout: 0 milliseconds
For documentation on this error, please visit: http://seleniumhq.org/exceptions/no_such_element.html
Build info: version: '3.14.0', revision: 'aacccce0', time: '2018-08-02T20:19:58.91Z'
System info: host: 'DY', ip: '127.0.1.1', os.name: 'Linux', os.arch: 'amd64', os.version: '4.13.0-45-generic', java.version: '1.8.0_181'
Driver info: org.openqa.selenium.chrome.ChromeDriver
Capabilities {acceptInsecureCerts: false, acceptSslCerts: false, applicationCacheEnabled: false, browserConnectionEnabled: false, browserName: chrome, chrome: {chromedriverVersion: 70.0.3538.67 (9ab0cfab84ded..., userDataDir: /tmp/.com.google.Chrome.aUfonU}, cssSelectorsEnabled: true, databaseEnabled: false, goog:chromeOptions: {debuggerAddress: localhost:46545}, handlesAlerts: true, hasTouchScreen: false, javascriptEnabled: true, locationContextEnabled: true, mobileEmulationEnabled: false, nativeEvents: true, networkConnectionEnabled: false, pageLoadStrategy: normal, platform: LINUX, platformName: LINUX, rotatable: false, setWindowRect: true, takesHeapSnapshot: true, takesScreenshot: true, unexpectedAlertBehaviour: , unhandledPromptBehavior: , version: 69.0.3497.81, webStorageEnabled: true}
Session ID: 34e8963c4413337f7a2b3324ec57f2dd
*** Element info: {Using=id, value=site-search}
at org.openqa.selenium.remote.ErrorHandler.createThrowable(ErrorHandler.java:214)
at org.openqa.selenium.remote.ErrorHandler.throwIfResponseFailed(ErrorHandler.java:166)
at org.openqa.selenium.remote.http.JsonHttpResponseCodec.reconstructValue(JsonHttpResponseCodec.java:40)
at org.openqa.selenium.remote.http.AbstractHttpResponseCodec.decode(AbstractHttpResponseCodec.java:80)
at org.openqa.selenium.remote.http.AbstractHttpResponseCodec.decode(AbstractHttpResponseCodec.java:44)
at org.openqa.selenium.remote.HttpCommandExecutor.execute(HttpCommandExecutor.java:158)
at org.openqa.selenium.remote.service.DriverCommandExecutor.execute(DriverCommandExecutor.java:83)
at org.openqa.selenium.remote.RemoteWebDriver.execute(RemoteWebDriver.java:548)
at org.openqa.selenium.remote.RemoteWebDriver.findElement(RemoteWebDriver.java:322)
at org.openqa.selenium.remote.RemoteWebDriver.findElementById(RemoteWebDriver.java:368)
at org.openqa.selenium.By$ById.findElement(By.java:188)
at org.openqa.selenium.remote.RemoteWebDriver.findElement(RemoteWebDriver.java:314)
at com.codeborne.selenide.impl.WebElementSelector.findElement(WebElementSelector.java:29)
at com.codeborne.selenide.impl.ElementFinder.getWebElement(ElementFinder.java:68)
at com.codeborne.selenide.impl.WebElementSource.checkCondition(WebElementSource.java:44)
... 37 more
... Removed 32 stack frames]]>
    </failure>
  </testcase> <!-- t6_CheckPromoComments -->
  <testcase name="t1_AddNewSite" time="3.546" classname="my.so.addnewsite"/>
  <testcase name="t1_ChangeInfo" time="2.938" classname="my.so.general"/>
  <testcase name="t1_ChangePH" time="2.857" classname="my.so.revenue"/>
  <testcase name="t2_ChangeDHO" time="1.325" classname="my.so.revenue"/>
  <testcase name="t3_ChangePHO" time="0.673" classname="my.so.revenue"/>
  <testcase name="t4_ChangePC" time="3.767" classname="my.so.revenue"/>
  <testcase name="t1_CheckConfigure" time="3.28" classname="my.so.style"/>
  <testcase name="t2_CheckColors" time="1.415" classname="my.so.style"/>
  <testcase name="t3_CheckAdSpace" time="1.549" classname="my.so.style"/>
  <testcase name="t4_CheckCommunityTab" time="1.492" classname="my.so.style"/>
  <testcase name="t5_CheckCommunityWidget" time="1.03" classname="my.so.style"/>
  <testcase name="t1_CheckRestrictedWords" time="2.659" classname="my.so.filters"/>
  <testcase name="t2_CheckIpDomainSocial" time="1.686" classname="my.so.filters"/>
  <testcase name="t3_CheckBlacklist" time="3.487" classname="my.so.filters"/>
  <testcase name="t1_CheckModeration" time="2.939" classname="my.so.moderation"/>
  <testcase name="t2_CheckAddModeration" time="12.759" classname="my.so.moderation">
    <failure type="com.codeborne.selenide.ex.ElementShould" message="Element should be visible {By.id: addModerator}
Element: &amp;apos;&amp;lt;div aria-hidden=&amp;quot;false&amp;quot; aria-labelledby=&amp;quot;addModeratorLabel&amp;quot; class=&amp;quot;modal hide fade allModalStyle modal-add-moderator in&amp;quot; id=&amp;quot;addModerator&amp;quot; role=&amp;quot;dialog&amp;quot; tabindex=&amp;quot;-1&amp;quot;&amp;gt;×
Add a moderator
Email
May change site settings
Send invite Cancel&amp;lt;/div&amp;gt;&amp;apos;">
      <![CDATA[Element should be visible {By.id: addModerator}
Element: '<div aria-hidden="false" aria-labelledby="addModeratorLabel" class="modal hide fade allModalStyle modal-add-moderator in" id="addModerator" role="dialog" tabindex="-1">×
Add a moderator
Email
May change site settings
Send invite Cancel</div>'
Screenshot: file:/home/boss/IdeaProjects/my_so/build/reports/tests/1540902674061.2.png
Page source: file:/home/boss/IdeaProjects/my_so/build/reports/tests/1540902674061.2.html
Timeout: 8 s.
at com.codeborne.selenide.impl.WebElementSource.checkCondition(WebElementSource.java:66)
at com.codeborne.selenide.commands.Should.should(Should.java:35)
at com.codeborne.selenide.commands.Should.execute(Should.java:29)
at com.codeborne.selenide.commands.Should.execute(Should.java:12)
at com.codeborne.selenide.commands.Commands.execute(Commands.java:145)
at com.codeborne.selenide.impl.SelenideElementProxy.dispatchAndRetry(SelenideElementProxy.java:90)
at com.codeborne.selenide.impl.SelenideElementProxy.invoke(SelenideElementProxy.java:65)
at com.sun.proxy.$Proxy13.shouldBe(Unknown Source)
at my.so.moderation.t2_CheckAddModeration(moderation.java:50)
... Removed 29 stack frames]]>
    </failure>
  </testcase> <!-- t2_CheckAddModeration -->
  <testcase name="t1_SelectTemplate" time="2.989" classname="my.so.engtsRules"/>
  <testcase name="t2_SendCustomTemplate" time="1.552" classname="my.so.engtsRules"/>
  <testcase name="t1_SelectTemplate" time="4.187" classname="my.so.ranks"/>
  <testcase name="t2_AddRank" time="2.496" classname="my.so.ranks"/>
  <testcase name="t3_AddCustomRank" time="1.485" classname="my.so.ranks"/>
  <testcase name="@BeforeSuite getDriver" time="0.0" classname="my.so.suite">
    <ignored/>
  </testcase> <!-- @BeforeSuite getDriver -->
  <testcase name="@BeforeSuite getDriver" time="0.0" classname="my.so.suite">
    <ignored/>
  </testcase> <!-- @BeforeSuite getDriver -->
  <testcase name="@BeforeSuite getDriver" time="0.0" classname="my.so.suite">
    <ignored/>
  </testcase> <!-- @BeforeSuite getDriver -->
  <testcase name="@BeforeSuite getDriver" time="0.0" classname="my.so.suite">
    <ignored/>
  </testcase> <!-- @BeforeSuite getDriver -->
  <testcase name="@BeforeSuite getDriver" time="0.0" classname="my.so.suite">
    <ignored/>
  </testcase> <!-- @BeforeSuite getDriver -->
  <testcase name="@BeforeSuite getDriver" time="0.0" classname="my.so.suite">
    <ignored/>
  </testcase> <!-- @BeforeSuite getDriver -->
  <testcase name="@BeforeSuite getDriver" time="0.0" classname="my.so.suite">
    <ignored/>
  </testcase> <!-- @BeforeSuite getDriver -->
  <testcase name="@BeforeSuite getDriver" time="0.0" classname="my.so.suite">
    <ignored/>
  </testcase> <!-- @BeforeSuite getDriver -->
  <testcase name="@AfterSuite afterSuite" time="0.0" classname="my.so.suite">
    <ignored/>
  </testcase> <!-- @AfterSuite afterSuite -->
  <testcase name="@AfterSuite afterSuite" time="0.0" classname="my.so.suite">
    <ignored/>
  </testcase> <!-- @AfterSuite afterSuite -->
  <testcase name="@AfterSuite afterSuite" time="0.0" classname="my.so.suite">
    <ignored/>
  </testcase> <!-- @AfterSuite afterSuite -->
  <testcase name="@AfterSuite afterSuite" time="0.0" classname="my.so.suite">
    <ignored/>
  </testcase> <!-- @AfterSuite afterSuite -->
  <testcase name="@AfterSuite afterSuite" time="0.0" classname="my.so.suite">
    <ignored/>
  </testcase> <!-- @AfterSuite afterSuite -->
  <testcase name="@AfterSuite afterSuite" time="0.0" classname="my.so.suite">
    <ignored/>
  </testcase> <!-- @AfterSuite afterSuite -->
  <testcase name="@AfterSuite afterSuite" time="0.0" classname="my.so.suite">
    <ignored/>
  </testcase> <!-- @AfterSuite afterSuite -->
  <testcase name="@AfterSuite afterSuite" time="0.0" classname="my.so.suite">
    <ignored/>
  </testcase> <!-- @AfterSuite afterSuite -->
</testsuite> <!-- my.so -->
