<!DOCTYPE html PUBLIC "-//W3C//DTD XHTML 1.1//EN" "http://www.w3.org/TR/xhtml11/DTD/xhtml11.dtd">
<html xmlns="http://www.w3.org/1999/xhtml">
<head>
<meta http-equiv="content-type" content="text/html; charset=UTF-8"/>
<title>TestNG Report</title>
<style type="text/css">table {margin-bottom:10px;border-collapse:collapse;empty-cells:show}th,td {border:1px solid #009;padding:.25em .5em}th {vertical-align:bottom}td {vertical-align:top}table a {font-weight:bold}.stripe td {background-color: #E6EBF9}.num {text-align:right}.passedodd td {background-color: #3F3}.passedeven td {background-color: #0A0}.skippedodd td {background-color: #DDD}.skippedeven td {background-color: #CCC}.failedodd td,.attn {background-color: #F33}.failedeven td,.stripe .attn {background-color: #D00}.stacktrace {white-space:pre;font-family:monospace}.totop {font-size:85%;text-align:center;border-bottom:2px solid #000}.invisible {display:none}</style>
</head>
<body>
<table>
<tr><th>Test</th><th># Passed</th><th># Skipped</th><th># Failed</th><th>Time (ms)</th><th>Included Groups</th><th>Excluded Groups</th></tr>
<tr><th colspan="7">discussion</th></tr>
<tr><td><a href="#t0">my.so</a></td><td class="num">23</td><td class="num">0</td><td class="num attn">3</td><td class="num">166 608</td><td></td><td></td></tr>
<tr class="stripe"><td><a href="#t1">ims</a></td><td class="num">13</td><td class="num">0</td><td class="num attn">1</td><td class="num">143 779</td><td></td><td></td></tr>
<tr><td><a href="#t2">widget</a></td><td class="num">1</td><td class="num">0</td><td class="num">0</td><td class="num">20 710</td><td></td><td></td></tr>
<tr><th>Total</th><th class="num">37</th><th class="num">0</th><th class="num attn">4</th><th class="num">331 097</th><th colspan="2"></th></tr>
</table>
<table id='summary'><thead><tr><th>Class</th><th>Method</th><th>Start</th><th>Time (ms)</th></tr></thead><tbody><tr><th colspan="4">discussion</th></tr></tbody><tbody id="t0"><tr><th colspan="4">my.so &#8212; failed</th></tr><tr class="failedeven"><td rowspan="1">my.so.moderation</td><td><a href="#m0">t2_CheckAddModeration</a></td><td rowspan="1">1540902661800</td><td rowspan="1">12759</td></tr><tr class="failedodd"><td rowspan="2">my.so.profile</td><td><a href="#m1">t5_CheckComments</a></td><td rowspan="1">1540902557413</td><td rowspan="1">12830</td></tr><tr class="failedodd"><td><a href="#m2">t6_CheckPromoComments</a></td><td rowspan="1">1540902570391</td><td rowspan="1">9007</td></tr><tr><th colspan="4">my.so &#8212; passed</th></tr><tr class="passedeven"><td rowspan="1">my.so.addnewsite</td><td><a href="#m3">t1_AddNewSite</a></td><td rowspan="1">1540902586496</td><td rowspan="1">3546</td></tr><tr class="passedodd"><td rowspan="2">my.so.engtsRules</td><td><a href="#m4">t1_SelectTemplate</a></td><td rowspan="1">1540902681183</td><td rowspan="1">2989</td></tr><tr class="passedodd"><td><a href="#m5">t2_SendCustomTemplate</a></td><td rowspan="1">1540902684174</td><td rowspan="1">1552</td></tr><tr class="passedeven"><td rowspan="3">my.so.filters</td><td><a href="#m6">t1_CheckRestrictedWords</a></td><td rowspan="1">1540902644590</td><td rowspan="1">2659</td></tr><tr class="passedeven"><td><a href="#m7">t2_CheckIpDomainSocial</a></td><td rowspan="1">1540902647252</td><td rowspan="1">1686</td></tr><tr class="passedeven"><td><a href="#m8">t3_CheckBlacklist</a></td><td rowspan="1">1540902648971</td><td rowspan="1">3487</td></tr><tr class="passedodd"><td rowspan="1">my.so.general</td><td><a href="#m9">t1_ChangeInfo</a></td><td rowspan="1">1540902597397</td><td rowspan="1">2938</td></tr><tr class="passedeven"><td rowspan="1">my.so.moderation</td><td><a href="#m10">t1_CheckModeration</a></td><td rowspan="1">1540902658860</td><td rowspan="1">2939</td></tr><tr class="passedodd"><td rowspan="3">my.so.profile</td><td><a href="#m11">t2_ChangeInfo</a></td><td rowspan="1">1540902554307</td><td rowspan="1">1899</td></tr><tr class="passedodd"><td><a href="#m12">t3_CheckInfo</a></td><td rowspan="1">1540902556605</td><td rowspan="1">434</td></tr><tr class="passedodd"><td><a href="#m13">t4_FindSite</a></td><td rowspan="1">1540902557073</td><td rowspan="1">338</td></tr><tr class="passedeven"><td rowspan="3">my.so.ranks</td><td><a href="#m14">t1_SelectTemplate</a></td><td rowspan="1">1540902692017</td><td rowspan="1">4187</td></tr><tr class="passedeven"><td><a href="#m15">t2_AddRank</a></td><td rowspan="1">1540902696220</td><td rowspan="1">2496</td></tr><tr class="passedeven"><td><a href="#m16">t3_AddCustomRank</a></td><td rowspan="1">1540902698734</td><td rowspan="1">1485</td></tr><tr class="passedodd"><td rowspan="4">my.so.revenue</td><td><a href="#m17">t1_ChangePH</a></td><td rowspan="1">1540902607094</td><td rowspan="1">2857</td></tr><tr class="passedodd"><td><a href="#m18">t2_ChangeDHO</a></td><td rowspan="1">1540902609968</td><td rowspan="1">1325</td></tr><tr class="passedodd"><td><a href="#m19">t3_ChangePHO</a></td><td rowspan="1">1540902611296</td><td rowspan="1">673</td></tr><tr class="passedodd"><td><a href="#m20">t4_ChangePC</a></td><td rowspan="1">1540902611976</td><td rowspan="1">3767</td></tr><tr class="passedeven"><td rowspan="5">my.so.style</td><td><a href="#m21">t1_CheckConfigure</a></td><td rowspan="1">1540902623338</td><td rowspan="1">3280</td></tr><tr class="passedeven"><td><a href="#m22">t2_CheckColors</a></td><td rowspan="1">1540902626652</td><td rowspan="1">1415</td></tr><tr class="passedeven"><td><a href="#m23">t3_CheckAdSpace</a></td><td rowspan="1">1540902628069</td><td rowspan="1">1549</td></tr><tr class="passedeven"><td><a href="#m24">t4_CheckCommunityTab</a></td><td rowspan="1">1540902629619</td><td rowspan="1">1492</td></tr><tr class="passedeven"><td><a href="#m25">t5_CheckCommunityWidget</a></td><td rowspan="1">1540902631113</td><td rowspan="1">1030</td></tr></tbody>
<tbody id="t1"><tr><th colspan="4">ims &#8212; failed (configuration methods)</th></tr><tr class="failedeven"><td rowspan="1">ims.LoginPage</td><td><a href="#m26">logoutFromAdmin</a></td><td rowspan="1">1540902777713</td><td rowspan="1">7545</td></tr><tr><th colspan="4">ims &#8212; failed</th></tr><tr class="failedeven"><td rowspan="1">ims.WidgetPage</td><td><a href="#m27">t6_LoginViaFacebook</a></td><td rowspan="1">1540902834626</td><td rowspan="1">12819</td></tr><tr><th colspan="4">ims &#8212; passed</th></tr><tr class="passedeven"><td rowspan="8">ims.LoginPage</td><td><a href="#m28">t1_LoginInAdmin</a></td><td rowspan="1">1540902707001</td><td rowspan="1">6591</td></tr><tr class="passedeven"><td><a href="#m29">t2_CheckPpac</a></td><td rowspan="1">1540902713619</td><td rowspan="1">14400</td></tr><tr class="passedeven"><td><a href="#m30">t3_CheckModtool</a></td><td rowspan="1">1540902728031</td><td rowspan="1">2118</td></tr><tr class="passedeven"><td><a href="#m31">t4_CheckWidget</a></td><td rowspan="1">1540902730150</td><td rowspan="1">4147</td></tr><tr class="passedeven"><td><a href="#m32">t5_LogoutFromAdmin</a></td><td rowspan="1">1540902734321</td><td rowspan="1">5158</td></tr><tr class="passedeven"><td><a href="#m33">t6_LoginViaYahoo</a></td><td rowspan="1">1540902739499</td><td rowspan="1">13146</td></tr><tr class="passedeven"><td><a href="#m34">t7_LoginViaFacebook</a></td><td rowspan="1">1540902752646</td><td rowspan="1">14118</td></tr><tr class="passedeven"><td><a href="#m35">t9_LoginViaGoogle</a></td><td rowspan="1">1540902766790</td><td rowspan="1">10898</td></tr><tr class="passedodd"><td rowspan="1">ims.SignupPage</td><td><a href="#m36">t1_SignupInAdmin</a></td><td rowspan="1">1540902785260</td><td rowspan="1">8192</td></tr><tr class="passedeven"><td rowspan="4">ims.WidgetPage</td><td><a href="#m37">t1_LoginViaSo</a></td><td rowspan="1">1540902793453</td><td rowspan="1">7744</td></tr><tr class="passedeven"><td><a href="#m38">t2_SignupFromWidget</a></td><td rowspan="1">1540902801199</td><td rowspan="1">6462</td></tr><tr class="passedeven"><td><a href="#m39">t4_LoginViaYahoo</a></td><td rowspan="1">1540902807662</td><td rowspan="1">15128</td></tr><tr class="passedeven"><td><a href="#m40">t5_LoginViaGoogle</a></td><td rowspan="1">1540902822832</td><td rowspan="1">11792</td></tr></tbody>
<tbody id="t2"><tr><th colspan="4">widget &#8212; passed</th></tr><tr class="passedeven"><td rowspan="1">widget.headline</td><td><a href="#m41">t1_LoginAndPost</a></td><td rowspan="1">1540902847589</td><td rowspan="1">20705</td></tr></tbody>
</table>
<h2>my.so</h2><h3 id="m0">my.so.moderation#t2_CheckAddModeration</h3><table class="result"><tr><th>Exception</th></tr><tr><td><div class="stacktrace">Element should be visible {By.id: addModerator}
Element: &apos;&lt;div aria-hidden=&quot;false&quot; aria-labelledby=&quot;addModeratorLabel&quot; class=&quot;modal hide fade allModalStyle modal-add-moderator in&quot; id=&quot;addModerator&quot; role=&quot;dialog&quot; tabindex=&quot;-1&quot;&gt;×
Add a moderator
Email
May change site settings
Send invite Cancel&lt;/div&gt;&apos;
Screenshot: file:/home/boss/IdeaProjects/my_so/build/reports/tests/1540902674061.2.png
Page source: file:/home/boss/IdeaProjects/my_so/build/reports/tests/1540902674061.2.html
Timeout: 8 s.
	at com.codeborne.selenide.impl.WebElementSource.checkCondition(WebElementSource.java:66)
	at com.codeborne.selenide.commands.Should.should(Should.java:35)
	at com.codeborne.selenide.commands.Should.execute(Should.java:29)
	at com.codeborne.selenide.commands.Should.execute(Should.java:12)
	at com.codeborne.selenide.commands.Commands.execute(Commands.java:145)
	at com.codeborne.selenide.impl.SelenideElementProxy.dispatchAndRetry(SelenideElementProxy.java:90)
	at com.codeborne.selenide.impl.SelenideElementProxy.invoke(SelenideElementProxy.java:65)
	at com.sun.proxy.$Proxy13.shouldBe(Unknown Source)
	at my.so.moderation.t2_CheckAddModeration(moderation.java:50)
... Removed 29 stack frames</div></td></tr></table><p class="totop"><a href="#summary">back to summary</a></p>
<h3 id="m1">my.so.profile#t5_CheckComments</h3><table class="result"><tr><th>Exception</th></tr><tr><td><div class="stacktrace">Element not found {By.className: goBack}
Expected: visible
Screenshot: file:/home/boss/IdeaProjects/my_so/build/reports/tests/1540902568972.0.png
Page source: file:/home/boss/IdeaProjects/my_so/build/reports/tests/1540902568972.0.html
Timeout: 8 s.
Caused by: NoSuchElementException: no such element: Unable to locate element: {&quot;method&quot;:&quot;class name&quot;,&quot;selector&quot;:&quot;goBack&quot;}
	at com.codeborne.selenide.impl.WebElementSource.createElementNotFoundError(WebElementSource.java:31)
	at com.codeborne.selenide.impl.ElementFinder.createElementNotFoundError(ElementFinder.java:94)
	at com.codeborne.selenide.impl.WebElementSource.checkCondition(WebElementSource.java:59)
	at com.codeborne.selenide.impl.WebElementSource.findAndAssertElementIsVisible(WebElementSource.java:72)
	at com.codeborne.selenide.commands.Click.execute(Click.java:16)
	at com.codeborne.selenide.commands.Click.execute(Click.java:12)
	at com.codeborne.selenide.commands.Commands.execute(Commands.java:145)
	at com.codeborne.selenide.impl.SelenideElementProxy.dispatchAndRetry(SelenideElementProxy.java:90)
	at com.codeborne.selenide.impl.SelenideElementProxy.invoke(SelenideElementProxy.java:65)
	at com.sun.proxy.$Proxy13.click(Unknown Source)
	at my.so.profile.t5_CheckComments(profile.java:74)
Caused by: org.openqa.selenium.NoSuchElementException: no such element: Unable to locate element: {&quot;method&quot;:&quot;class name&quot;,&quot;selector&quot;:&quot;goBack&quot;}
  (Session info: headless chrome=69.0.3497.81)
  (Driver info: chromedriver=70.0.3538.67 (9ab0cfab84ded083718d3a4ff830726efd38869f),platform=Linux 4.13.0-45-generic x86_64) (WARNING: The server did not provide any stacktrace information)
Command duration or timeout: 0 milliseconds
For documentation on this error, please visit: http://seleniumhq.org/exceptions/no_such_element.html
Build info: version: &apos;3.14.0&apos;, revision: &apos;aacccce0&apos;, time: &apos;2018-08-02T20:19:58.91Z&apos;
System info: host: &apos;DY&apos;, ip: &apos;127.0.1.1&apos;, os.name: &apos;Linux&apos;, os.arch: &apos;amd64&apos;, os.version: &apos;4.13.0-45-generic&apos;, java.version: &apos;1.8.0_181&apos;
Driver info: org.openqa.selenium.chrome.ChromeDriver
Capabilities {acceptInsecureCerts: false, acceptSslCerts: false, applicationCacheEnabled: false, browserConnectionEnabled: false, browserName: chrome, chrome: {chromedriverVersion: 70.0.3538.67 (9ab0cfab84ded..., userDataDir: /tmp/.com.google.Chrome.aUfonU}, cssSelectorsEnabled: true, databaseEnabled: false, goog:chromeOptions: {debuggerAddress: localhost:46545}, handlesAlerts: true, hasTouchScreen: false, javascriptEnabled: true, locationContextEnabled: true, mobileEmulationEnabled: false, nativeEvents: true, networkConnectionEnabled: false, pageLoadStrategy: normal, platform: LINUX, platformName: LINUX, rotatable: false, setWindowRect: true, takesHeapSnapshot: true, takesScreenshot: true, unexpectedAlertBehaviour: , unhandledPromptBehavior: , version: 69.0.3497.81, webStorageEnabled: true}
Session ID: 34e8963c4413337f7a2b3324ec57f2dd
*** Element info: {Using=class name, value=goBack}
	at org.openqa.selenium.remote.ErrorHandler.createThrowable(ErrorHandler.java:214)
	at org.openqa.selenium.remote.ErrorHandler.throwIfResponseFailed(ErrorHandler.java:166)
	at org.openqa.selenium.remote.http.JsonHttpResponseCodec.reconstructValue(JsonHttpResponseCodec.java:40)
	at org.openqa.selenium.remote.http.AbstractHttpResponseCodec.decode(AbstractHttpResponseCodec.java:80)
	at org.openqa.selenium.remote.http.AbstractHttpResponseCodec.decode(AbstractHttpResponseCodec.java:44)
	at org.openqa.selenium.remote.HttpCommandExecutor.execute(HttpCommandExecutor.java:158)
	at org.openqa.selenium.remote.service.DriverCommandExecutor.execute(DriverCommandExecutor.java:83)
	at org.openqa.selenium.remote.RemoteWebDriver.execute(RemoteWebDriver.java:548)
	at org.openqa.selenium.remote.RemoteWebDriver.findElement(RemoteWebDriver.java:322)
	at org.openqa.selenium.remote.RemoteWebDriver.findElementByClassName(RemoteWebDriver.java:408)
	at org.openqa.selenium.By$ByClassName.findElement(By.java:389)
	at org.openqa.selenium.remote.RemoteWebDriver.findElement(RemoteWebDriver.java:314)
	at com.codeborne.selenide.impl.WebElementSelector.findElement(WebElementSelector.java:29)
	at com.codeborne.selenide.impl.ElementFinder.getWebElement(ElementFinder.java:68)
	at com.codeborne.selenide.impl.WebElementSource.checkCondition(WebElementSource.java:44)
	... 37 more
... Removed 32 stack frames</div></td></tr></table><p class="totop"><a href="#summary">back to summary</a></p>
<h3 id="m2">my.so.profile#t6_CheckPromoComments</h3><table class="result"><tr><th>Exception</th></tr><tr><td><div class="stacktrace">Element not found {By.id: site-search}
Expected: visible
Screenshot: file:/home/boss/IdeaProjects/my_so/build/reports/tests/1540902578493.1.png
Page source: file:/home/boss/IdeaProjects/my_so/build/reports/tests/1540902578493.1.html
Timeout: 8 s.
Caused by: NoSuchElementException: no such element: Unable to locate element: {&quot;method&quot;:&quot;id&quot;,&quot;selector&quot;:&quot;site-search&quot;}
	at com.codeborne.selenide.impl.WebElementSource.createElementNotFoundError(WebElementSource.java:31)
	at com.codeborne.selenide.impl.ElementFinder.createElementNotFoundError(ElementFinder.java:94)
	at com.codeborne.selenide.impl.WebElementSource.checkCondition(WebElementSource.java:59)
	at com.codeborne.selenide.impl.WebElementSource.findAndAssertElementIsVisible(WebElementSource.java:72)
	at com.codeborne.selenide.commands.SetValue.execute(SetValue.java:32)
	at com.codeborne.selenide.commands.SetValue.execute(SetValue.java:15)
	at com.codeborne.selenide.commands.Commands.execute(Commands.java:145)
	at com.codeborne.selenide.impl.SelenideElementProxy.dispatchAndRetry(SelenideElementProxy.java:90)
	at com.codeborne.selenide.impl.SelenideElementProxy.invoke(SelenideElementProxy.java:65)
	at com.sun.proxy.$Proxy13.setValue(Unknown Source)
	at my.so.profile.t6_CheckPromoComments(profile.java:80)
Caused by: org.openqa.selenium.NoSuchElementException: no such element: Unable to locate element: {&quot;method&quot;:&quot;id&quot;,&quot;selector&quot;:&quot;site-search&quot;}
  (Session info: headless chrome=69.0.3497.81)
  (Driver info: chromedriver=70.0.3538.67 (9ab0cfab84ded083718d3a4ff830726efd38869f),platform=Linux 4.13.0-45-generic x86_64) (WARNING: The server did not provide any stacktrace information)
Command duration or timeout: 0 milliseconds
For documentation on this error, please visit: http://seleniumhq.org/exceptions/no_such_element.html
Build info: version: &apos;3.14.0&apos;, revision: &apos;aacccce0&apos;, time: &apos;2018-08-02T20:19:58.91Z&apos;
System info: host: &apos;DY&apos;, ip: &apos;127.0.1.1&apos;, os.name: &apos;Linux&apos;, os.arch: &apos;amd64&apos;, os.version: &apos;4.13.0-45-generic&apos;, java.version: &apos;1.8.0_181&apos;
Driver info: org.openqa.selenium.chrome.ChromeDriver
Capabilities {acceptInsecureCerts: false, acceptSslCerts: false, applicationCacheEnabled: false, browserConnectionEnabled: false, browserName: chrome, chrome: {chromedriverVersion: 70.0.3538.67 (9ab0cfab84ded..., userDataDir: /tmp/.com.google.Chrome.aUfonU}, cssSelectorsEnabled: true, databaseEnabled: false, goog:chromeOptions: {debuggerAddress: localhost:46545}, handlesAlerts: true, hasTouchScreen: false, javascriptEnabled: true, locationContextEnabled: true, mobileEmulationEnabled: false, nativeEvents: true, networkConnectionEnabled: false, pageLoadStrategy: normal, platform: LINUX, platformName: LINUX, rotatable: false, setWindowRect: true, takesHeapSnapshot: true, takesScreenshot: true, unexpectedAlertBehaviour: , unhandledPromptBehavior: , version: 69.0.3497.81, webStorageEnabled: true}
Session ID: 34e8963c4413337f7a2b3324ec57f2dd
*** Element info: {Using=id, value=site-search}
	at org.openqa.selenium.remote.ErrorHandler.createThrowable(ErrorHandler.java:214)
	at org.openqa.selenium.remote.ErrorHandler.throwIfResponseFailed(ErrorHandler.java:166)
	at org.openqa.selenium.remote.http.JsonHttpResponseCodec.reconstructValue(JsonHttpResponseCodec.java:40)
	at org.openqa.selenium.remote.http.AbstractHttpResponseCodec.decode(AbstractHttpResponseCodec.java:80)
	at org.openqa.selenium.remote.http.AbstractHttpResponseCodec.decode(AbstractHttpResponseCodec.java:44)
	at org.openqa.selenium.remote.HttpCommandExecutor.execute(HttpCommandExecutor.java:158)
	at org.openqa.selenium.remote.service.DriverCommandExecutor.execute(DriverCommandExecutor.java:83)
	at org.openqa.selenium.remote.RemoteWebDriver.execute(RemoteWebDriver.java:548)
	at org.openqa.selenium.remote.RemoteWebDriver.findElement(RemoteWebDriver.java:322)
	at org.openqa.selenium.remote.RemoteWebDriver.findElementById(RemoteWebDriver.java:368)
	at org.openqa.selenium.By$ById.findElement(By.java:188)
	at org.openqa.selenium.remote.RemoteWebDriver.findElement(RemoteWebDriver.java:314)
	at com.codeborne.selenide.impl.WebElementSelector.findElement(WebElementSelector.java:29)
	at com.codeborne.selenide.impl.ElementFinder.getWebElement(ElementFinder.java:68)
	at com.codeborne.selenide.impl.WebElementSource.checkCondition(WebElementSource.java:44)
	... 37 more
... Removed 32 stack frames</div></td></tr></table><p class="totop"><a href="#summary">back to summary</a></p>
<h3 id="m3">my.so.addnewsite#t1_AddNewSite</h3><table class="result"><tr><th class="invisible"/></tr></table><p class="totop"><a href="#summary">back to summary</a></p>
<h3 id="m4">my.so.engtsRules#t1_SelectTemplate</h3><table class="result"><tr><th class="invisible"/></tr></table><p class="totop"><a href="#summary">back to summary</a></p>
<h3 id="m5">my.so.engtsRules#t2_SendCustomTemplate</h3><table class="result"><tr><th class="invisible"/></tr></table><p class="totop"><a href="#summary">back to summary</a></p>
<h3 id="m6">my.so.filters#t1_CheckRestrictedWords</h3><table class="result"><tr><th class="invisible"/></tr></table><p class="totop"><a href="#summary">back to summary</a></p>
<h3 id="m7">my.so.filters#t2_CheckIpDomainSocial</h3><table class="result"><tr><th class="invisible"/></tr></table><p class="totop"><a href="#summary">back to summary</a></p>
<h3 id="m8">my.so.filters#t3_CheckBlacklist</h3><table class="result"><tr><th class="invisible"/></tr></table><p class="totop"><a href="#summary">back to summary</a></p>
<h3 id="m9">my.so.general#t1_ChangeInfo</h3><table class="result"><tr><th class="invisible"/></tr></table><p class="totop"><a href="#summary">back to summary</a></p>
<h3 id="m10">my.so.moderation#t1_CheckModeration</h3><table class="result"><tr><th class="invisible"/></tr></table><p class="totop"><a href="#summary">back to summary</a></p>
<h3 id="m11">my.so.profile#t2_ChangeInfo</h3><table class="result"><tr><th class="invisible"/></tr></table><p class="totop"><a href="#summary">back to summary</a></p>
<h3 id="m12">my.so.profile#t3_CheckInfo</h3><table class="result"><tr><th class="invisible"/></tr></table><p class="totop"><a href="#summary">back to summary</a></p>
<h3 id="m13">my.so.profile#t4_FindSite</h3><table class="result"><tr><th class="invisible"/></tr></table><p class="totop"><a href="#summary">back to summary</a></p>
<h3 id="m14">my.so.ranks#t1_SelectTemplate</h3><table class="result"><tr><th class="invisible"/></tr></table><p class="totop"><a href="#summary">back to summary</a></p>
<h3 id="m15">my.so.ranks#t2_AddRank</h3><table class="result"><tr><th class="invisible"/></tr></table><p class="totop"><a href="#summary">back to summary</a></p>
<h3 id="m16">my.so.ranks#t3_AddCustomRank</h3><table class="result"><tr><th class="invisible"/></tr></table><p class="totop"><a href="#summary">back to summary</a></p>
<h3 id="m17">my.so.revenue#t1_ChangePH</h3><table class="result"><tr><th class="invisible"/></tr></table><p class="totop"><a href="#summary">back to summary</a></p>
<h3 id="m18">my.so.revenue#t2_ChangeDHO</h3><table class="result"><tr><th class="invisible"/></tr></table><p class="totop"><a href="#summary">back to summary</a></p>
<h3 id="m19">my.so.revenue#t3_ChangePHO</h3><table class="result"><tr><th class="invisible"/></tr></table><p class="totop"><a href="#summary">back to summary</a></p>
<h3 id="m20">my.so.revenue#t4_ChangePC</h3><table class="result"><tr><th class="invisible"/></tr></table><p class="totop"><a href="#summary">back to summary</a></p>
<h3 id="m21">my.so.style#t1_CheckConfigure</h3><table class="result"><tr><th class="invisible"/></tr></table><p class="totop"><a href="#summary">back to summary</a></p>
<h3 id="m22">my.so.style#t2_CheckColors</h3><table class="result"><tr><th class="invisible"/></tr></table><p class="totop"><a href="#summary">back to summary</a></p>
<h3 id="m23">my.so.style#t3_CheckAdSpace</h3><table class="result"><tr><th class="invisible"/></tr></table><p class="totop"><a href="#summary">back to summary</a></p>
<h3 id="m24">my.so.style#t4_CheckCommunityTab</h3><table class="result"><tr><th class="invisible"/></tr></table><p class="totop"><a href="#summary">back to summary</a></p>
<h3 id="m25">my.so.style#t5_CheckCommunityWidget</h3><table class="result"><tr><th class="invisible"/></tr></table><p class="totop"><a href="#summary">back to summary</a></p>
<h2>ims</h2><h3 id="m26">ims.LoginPage#logoutFromAdmin</h3><table class="result"><tr><th>Exception</th></tr><tr><td><div class="stacktrace">Element not found {By.xpath: //li[@id=&apos;tab-panel-comments-li&apos;]//a}
Expected: text &apos;Your comments&apos;
Screenshot: file:/home/boss/IdeaProjects/my_so/build/reports/tests/1540902784747.3.png
Page source: file:/home/boss/IdeaProjects/my_so/build/reports/tests/1540902784747.3.html
Timeout: 6 s.
Caused by: NoSuchElementException: no such element: Unable to locate element: {&quot;method&quot;:&quot;xpath&quot;,&quot;selector&quot;:&quot;//li[@id=&apos;tab-panel-comments-li&apos;]//a&quot;}
	at com.codeborne.selenide.impl.WebElementSource.createElementNotFoundError(WebElementSource.java:31)
	at com.codeborne.selenide.impl.ElementFinder.createElementNotFoundError(ElementFinder.java:94)
	at com.codeborne.selenide.impl.WebElementSource.checkCondition(WebElementSource.java:59)
	at com.codeborne.selenide.commands.Should.should(Should.java:35)
	at com.codeborne.selenide.commands.Should.execute(Should.java:29)
	at com.codeborne.selenide.commands.Should.execute(Should.java:12)
	at com.codeborne.selenide.commands.Commands.execute(Commands.java:145)
	at com.codeborne.selenide.impl.SelenideElementProxy.dispatchAndRetry(SelenideElementProxy.java:90)
	at com.codeborne.selenide.impl.SelenideElementProxy.invoke(SelenideElementProxy.java:65)
	at com.sun.proxy.$Proxy13.shouldHave(Unknown Source)
	at my.so.suite.logoutFromAdmin(suite.java:63)
Caused by: org.openqa.selenium.NoSuchElementException: no such element: Unable to locate element: {&quot;method&quot;:&quot;xpath&quot;,&quot;selector&quot;:&quot;//li[@id=&apos;tab-panel-comments-li&apos;]//a&quot;}
  (Session info: headless chrome=69.0.3497.81)
  (Driver info: chromedriver=70.0.3538.67 (9ab0cfab84ded083718d3a4ff830726efd38869f),platform=Linux 4.13.0-45-generic x86_64) (WARNING: The server did not provide any stacktrace information)
Command duration or timeout: 0 milliseconds
For documentation on this error, please visit: http://seleniumhq.org/exceptions/no_such_element.html
Build info: version: &apos;3.14.0&apos;, revision: &apos;aacccce0&apos;, time: &apos;2018-08-02T20:19:58.91Z&apos;
System info: host: &apos;DY&apos;, ip: &apos;127.0.1.1&apos;, os.name: &apos;Linux&apos;, os.arch: &apos;amd64&apos;, os.version: &apos;4.13.0-45-generic&apos;, java.version: &apos;1.8.0_181&apos;
Driver info: org.openqa.selenium.chrome.ChromeDriver
Capabilities {acceptInsecureCerts: false, acceptSslCerts: false, applicationCacheEnabled: false, browserConnectionEnabled: false, browserName: chrome, chrome: {chromedriverVersion: 70.0.3538.67 (9ab0cfab84ded..., userDataDir: /tmp/.com.google.Chrome.aUfonU}, cssSelectorsEnabled: true, databaseEnabled: false, goog:chromeOptions: {debuggerAddress: localhost:46545}, handlesAlerts: true, hasTouchScreen: false, javascriptEnabled: true, locationContextEnabled: true, mobileEmulationEnabled: false, nativeEvents: true, networkConnectionEnabled: false, pageLoadStrategy: normal, platform: LINUX, platformName: LINUX, rotatable: false, setWindowRect: true, takesHeapSnapshot: true, takesScreenshot: true, unexpectedAlertBehaviour: , unhandledPromptBehavior: , version: 69.0.3497.81, webStorageEnabled: true}
Session ID: 34e8963c4413337f7a2b3324ec57f2dd
*** Element info: {Using=xpath, value=//li[@id=&apos;tab-panel-comments-li&apos;]//a}
	at org.openqa.selenium.remote.ErrorHandler.createThrowable(ErrorHandler.java:214)
	at org.openqa.selenium.remote.ErrorHandler.throwIfResponseFailed(ErrorHandler.java:166)
	at org.openqa.selenium.remote.http.JsonHttpResponseCodec.reconstructValue(JsonHttpResponseCodec.java:40)
	at org.openqa.selenium.remote.http.AbstractHttpResponseCodec.decode(AbstractHttpResponseCodec.java:80)
	at org.openqa.selenium.remote.http.AbstractHttpResponseCodec.decode(AbstractHttpResponseCodec.java:44)
	at org.openqa.selenium.remote.HttpCommandExecutor.execute(HttpCommandExecutor.java:158)
	at org.openqa.selenium.remote.service.DriverCommandExecutor.execute(DriverCommandExecutor.java:83)
	at org.openqa.selenium.remote.RemoteWebDriver.execute(RemoteWebDriver.java:548)
	at org.openqa.selenium.remote.RemoteWebDriver.findElement(RemoteWebDriver.java:322)
	at org.openqa.selenium.remote.RemoteWebDriver.findElementByXPath(RemoteWebDriver.java:424)
	at org.openqa.selenium.By$ByXPath.findElement(By.java:353)
	at org.openqa.selenium.remote.RemoteWebDriver.findElement(RemoteWebDriver.java:314)
	at com.codeborne.selenide.impl.WebElementSelector.findElement(WebElementSelector.java:29)
	at com.codeborne.selenide.impl.ElementFinder.getWebElement(ElementFinder.java:68)
	at com.codeborne.selenide.impl.WebElementSource.checkCondition(WebElementSource.java:44)
	... 38 more
... Removed 33 stack frames</div></td></tr></table><p class="totop"><a href="#summary">back to summary</a></p>
<h3 id="m27">ims.WidgetPage#t6_LoginViaFacebook</h3><table class="result"><tr><th>Exception</th></tr><tr><td><div class="stacktrace">org.openqa.selenium.NoSuchWindowException: no such window: target window already closed
from unknown error: web view not found
  (Session info: headless chrome=69.0.3497.81)
  (Driver info: chromedriver=70.0.3538.67 (9ab0cfab84ded083718d3a4ff830726efd38869f),platform=Linux 4.13.0-45-generic x86_64) (WARNING: The server did not provide any stacktrace information)
Command duration or timeout: 0 milliseconds
Build info: version: &apos;3.14.0&apos;, revision: &apos;aacccce0&apos;, time: &apos;2018-08-02T20:19:58.91Z&apos;
System info: host: &apos;DY&apos;, ip: &apos;127.0.1.1&apos;, os.name: &apos;Linux&apos;, os.arch: &apos;amd64&apos;, os.version: &apos;4.13.0-45-generic&apos;, java.version: &apos;1.8.0_181&apos;
Driver info: org.openqa.selenium.chrome.ChromeDriver
Capabilities {acceptInsecureCerts: false, acceptSslCerts: false, applicationCacheEnabled: false, browserConnectionEnabled: false, browserName: chrome, chrome: {chromedriverVersion: 70.0.3538.67 (9ab0cfab84ded..., userDataDir: /tmp/.com.google.Chrome.aUfonU}, cssSelectorsEnabled: true, databaseEnabled: false, goog:chromeOptions: {debuggerAddress: localhost:46545}, handlesAlerts: true, hasTouchScreen: false, javascriptEnabled: true, locationContextEnabled: true, mobileEmulationEnabled: false, nativeEvents: true, networkConnectionEnabled: false, pageLoadStrategy: normal, platform: LINUX, platformName: LINUX, rotatable: false, setWindowRect: true, takesHeapSnapshot: true, takesScreenshot: true, unexpectedAlertBehaviour: , unhandledPromptBehavior: , version: 69.0.3497.81, webStorageEnabled: true}
Session ID: 34e8963c4413337f7a2b3324ec57f2dd
	at org.openqa.selenium.remote.ErrorHandler.createThrowable(ErrorHandler.java:214)
	at org.openqa.selenium.remote.ErrorHandler.throwIfResponseFailed(ErrorHandler.java:166)
	at org.openqa.selenium.remote.http.JsonHttpResponseCodec.reconstructValue(JsonHttpResponseCodec.java:40)
	at org.openqa.selenium.remote.http.AbstractHttpResponseCodec.decode(AbstractHttpResponseCodec.java:80)
	at org.openqa.selenium.remote.http.AbstractHttpResponseCodec.decode(AbstractHttpResponseCodec.java:44)
	at org.openqa.selenium.remote.HttpCommandExecutor.execute(HttpCommandExecutor.java:158)
	at org.openqa.selenium.remote.service.DriverCommandExecutor.execute(DriverCommandExecutor.java:83)
	at org.openqa.selenium.remote.RemoteWebDriver.execute(RemoteWebDriver.java:548)
	at org.openqa.selenium.remote.RemoteWebDriver.execute(RemoteWebDriver.java:605)
	at org.openqa.selenium.remote.RemoteWebDriver.getScreenshotAs(RemoteWebDriver.java:294)
	at io.qameta.allure.selenide.AllureSelenide.getScreenshotBytes(AllureSelenide.java:76)
	at io.qameta.allure.selenide.AllureSelenide.lambda$onEvent$2(AllureSelenide.java:58)
	at java.util.Optional.ifPresent(Optional.java:159)
	at io.qameta.allure.selenide.AllureSelenide.onEvent(AllureSelenide.java:48)
	at com.codeborne.selenide.logevents.SelenideLogger.commitStep(SelenideLogger.java:64)
	at com.codeborne.selenide.logevents.SelenideLogger.commitStep(SelenideLogger.java:56)
	at com.codeborne.selenide.impl.SelenideElementProxy.invoke(SelenideElementProxy.java:71)
	at com.sun.proxy.$Proxy13.shouldHave(Unknown Source)
	at ims.WidgetPage.t6_LoginViaFacebook(WidgetPage.java:176)
... Removed 32 stack frames</div></td></tr></table><p class="totop"><a href="#summary">back to summary</a></p>
<h3 id="m28">ims.LoginPage#t1_LoginInAdmin</h3><table class="result"><tr><th class="invisible"/></tr></table><p class="totop"><a href="#summary">back to summary</a></p>
<h3 id="m29">ims.LoginPage#t2_CheckPpac</h3><table class="result"><tr><th class="invisible"/></tr></table><p class="totop"><a href="#summary">back to summary</a></p>
<h3 id="m30">ims.LoginPage#t3_CheckModtool</h3><table class="result"><tr><th class="invisible"/></tr></table><p class="totop"><a href="#summary">back to summary</a></p>
<h3 id="m31">ims.LoginPage#t4_CheckWidget</h3><table class="result"><tr><th class="invisible"/></tr></table><p class="totop"><a href="#summary">back to summary</a></p>
<h3 id="m32">ims.LoginPage#t5_LogoutFromAdmin</h3><table class="result"><tr><th class="invisible"/></tr></table><p class="totop"><a href="#summary">back to summary</a></p>
<h3 id="m33">ims.LoginPage#t6_LoginViaYahoo</h3><table class="result"><tr><th class="invisible"/></tr></table><p class="totop"><a href="#summary">back to summary</a></p>
<h3 id="m34">ims.LoginPage#t7_LoginViaFacebook</h3><table class="result"><tr><th class="invisible"/></tr></table><p class="totop"><a href="#summary">back to summary</a></p>
<h3 id="m35">ims.LoginPage#t9_LoginViaGoogle</h3><table class="result"><tr><th class="invisible"/></tr></table><p class="totop"><a href="#summary">back to summary</a></p>
<h3 id="m36">ims.SignupPage#t1_SignupInAdmin</h3><table class="result"><tr><th class="invisible"/></tr></table><p class="totop"><a href="#summary">back to summary</a></p>
<h3 id="m37">ims.WidgetPage#t1_LoginViaSo</h3><table class="result"><tr><th class="invisible"/></tr></table><p class="totop"><a href="#summary">back to summary</a></p>
<h3 id="m38">ims.WidgetPage#t2_SignupFromWidget</h3><table class="result"><tr><th class="invisible"/></tr></table><p class="totop"><a href="#summary">back to summary</a></p>
<h3 id="m39">ims.WidgetPage#t4_LoginViaYahoo</h3><table class="result"><tr><th class="invisible"/></tr></table><p class="totop"><a href="#summary">back to summary</a></p>
<h3 id="m40">ims.WidgetPage#t5_LoginViaGoogle</h3><table class="result"><tr><th class="invisible"/></tr></table><p class="totop"><a href="#summary">back to summary</a></p>
<h2>widget</h2><h3 id="m41">widget.headline#t1_LoginAndPost</h3><table class="result"><tr><th class="invisible"/></tr></table><p class="totop"><a href="#summary">back to summary</a></p>
</body>
</html>
